[17:22:10] [main/INFO]: Environment: authHost='https://authserver.mojang.com', accountsHost='https://api.mojang.com', sessionHost='https://sessionserver.mojang.com', servicesHost='https://api.minecraftservices.com', name='PROD'
[17:22:11] [main/INFO]: Reloading ResourceManager: Default, bukkit
[17:22:13] [Worker-Main-10/INFO]: Loaded 7 recipes
[17:22:15] [Server thread/INFO]: Starting minecraft server version 1.17.1
[17:22:15] [Server thread/INFO]: Loading properties
[17:22:15] [Server thread/INFO]: Default game type: SURVIVAL
[17:22:15] [Server thread/INFO]: Generating keypair
[17:22:15] [Server thread/INFO]: Starting Minecraft server on *:25565
[17:22:16] [Server thread/INFO]: Using epoll channel type
[17:22:16] [Server thread/INFO]: This server is running CraftBukkit version 3172-Bukkit-99561c2 (MC: 1.17.1) (Implementing API version 1.17.1-R0.1-SNAPSHOT)
[17:22:17] [Server thread/WARN]: Initializing Legacy Material Support. Unless you have legacy plugins and/or data this is a bug!
[17:22:25] [Server thread/WARN]: Legacy plugin HomeSpawnPlus v2.0-b610 does not specify an api-version.
[17:22:25] [Server thread/INFO]: [WorldEdit] Loading WorldEdit v7.2.5+57d5ac9
[17:22:26] [Server thread/INFO]: Got request to register class com.sk89q.worldedit.bukkit.BukkitServerInterface with WorldEdit [com.sk89q.worldedit.extension.platform.PlatformManager@61fd4b5e]
[17:22:26] [Server thread/INFO]: [VoidGenerator] Loading VoidGenerator v1.7.0
[17:22:26] [Server thread/INFO]: [Multiverse-Core] Loading Multiverse-Core v4.3.0-b846
[17:22:26] [Server thread/INFO]: [HomeSpawnPlus] Loading HomeSpawnPlus v2.0-b610
[17:22:26] [Server thread/INFO]: [WorldEdit] Enabling WorldEdit v7.2.5+57d5ac9
[17:22:26] [Server thread/INFO]: WEPIF: Using the Bukkit Permissions API.
[17:22:26] [Server thread/WARN]: 
**********************************************
** This WorldEdit version does not fully support your version of Bukkit.
**
** When working with blocks or undoing, chests will be empty, signs
** will be blank, and so on. There will be no support for entity
** and block property-related functions.
**
** Please see https://worldedit.enginehub.org/en/latest/faq/#bukkit-adapters
**********************************************

[17:22:27] [Server thread/INFO]: [WorldEdit] ====================================================
[17:22:27] [Server thread/INFO]: [WorldEdit]  WorldEdit works better if you use Paper 
[17:22:27] [Server thread/INFO]: [WorldEdit]  as your server software. 
[17:22:27] [Server thread/INFO]: [WorldEdit]   
[17:22:27] [Server thread/INFO]: [WorldEdit]  Paper offers significant performance improvements,
[17:22:27] [Server thread/INFO]: [WorldEdit]  bug fixes, security enhancements and optional
[17:22:27] [Server thread/INFO]: [WorldEdit]  features for server owners to enhance their server.
[17:22:27] [Server thread/INFO]: [WorldEdit]   
[17:22:27] [Server thread/INFO]: [WorldEdit]  Paper includes Timings v2, which is significantly
[17:22:27] [Server thread/INFO]: [WorldEdit]  better at diagnosing lag problems over v1.
[17:22:27] [Server thread/INFO]: [WorldEdit]   
[17:22:27] [Server thread/INFO]: [WorldEdit]  All of your plugins should still work, and the
[17:22:27] [Server thread/INFO]: [WorldEdit]  Paper community will gladly help you fix any issues.
[17:22:27] [Server thread/INFO]: [WorldEdit]   
[17:22:27] [Server thread/INFO]: [WorldEdit]  Join the Paper Community @ https://papermc.io
[17:22:27] [Server thread/INFO]: [WorldEdit] ====================================================
[17:22:27] [Server thread/INFO]: [VoidGenerator] Enabling VoidGenerator v1.7.0
[17:22:27] [Server thread/INFO]: [VoidGenerator] v1_15
[17:22:27] [Server thread/WARN]: **** SERVER IS RUNNING IN OFFLINE/INSECURE MODE!
[17:22:27] [Server thread/WARN]: The server will make no attempt to authenticate usernames. Beware.
[17:22:27] [Server thread/WARN]: While this makes the game possible to play without internet access, it also opens up the ability for hackers to connect with any username they choose.
[17:22:27] [Server thread/WARN]: To change this, set "online-mode" to "true" in the server.properties file.
[17:22:27] [Server thread/INFO]: Preparing level "spawn"
[17:22:27] [Server thread/INFO]: Registering commands with com.sk89q.worldedit.bukkit.BukkitServerInterface
[17:22:28] [Server thread/INFO]: Preparing start region for dimension minecraft:overworld
[17:22:29] [Worker-Main-11/INFO]: Preparing spawn area: 0%
[17:22:29] [Worker-Main-12/INFO]: Preparing spawn area: 0%
[17:22:29] [Worker-Main-11/INFO]: Preparing spawn area: 0%
[17:22:29] [Worker-Main-9/INFO]: Preparing spawn area: 0%
[17:22:30] [Worker-Main-8/INFO]: Preparing spawn area: 0%
[17:22:30] [Worker-Main-11/INFO]: Preparing spawn area: 0%
[17:22:31] [Worker-Main-9/INFO]: Preparing spawn area: 0%
[17:22:31] [Worker-Main-9/INFO]: Preparing spawn area: 6%
[17:22:32] [Worker-Main-10/INFO]: Preparing spawn area: 45%
[17:22:33] [Worker-Main-9/INFO]: Preparing spawn area: 45%
[17:22:33] [Worker-Main-12/INFO]: Preparing spawn area: 55%
[17:22:33] [Worker-Main-8/INFO]: Preparing spawn area: 95%
[17:22:33] [Server thread/INFO]: Time elapsed: 5550 ms
[17:22:33] [Server thread/INFO]: Preparing start region for dimension minecraft:the_nether
[17:22:34] [Worker-Main-8/INFO]: Preparing spawn area: 0%
[17:22:34] [Worker-Main-10/INFO]: Preparing spawn area: 0%
[17:22:34] [Worker-Main-9/INFO]: Preparing spawn area: 0%
[17:22:35] [Worker-Main-8/INFO]: Preparing spawn area: 0%
[17:22:35] [Worker-Main-14/INFO]: Preparing spawn area: 2%
[17:22:36] [Worker-Main-14/INFO]: Preparing spawn area: 5%
[17:22:36] [Worker-Main-12/INFO]: Preparing spawn area: 33%
[17:22:37] [Worker-Main-9/INFO]: Preparing spawn area: 71%
[17:22:37] [Worker-Main-9/INFO]: Preparing spawn area: 75%
[17:22:38] [Worker-Main-10/INFO]: Preparing spawn area: 76%
[17:22:38] [Worker-Main-12/INFO]: Preparing spawn area: 81%
[17:22:39] [Worker-Main-8/INFO]: Preparing spawn area: 83%
[17:22:39] [Worker-Main-13/INFO]: Preparing spawn area: 84%
[17:22:40] [Worker-Main-12/INFO]: Preparing spawn area: 86%
[17:22:40] [Worker-Main-10/INFO]: Preparing spawn area: 88%
[17:22:41] [Worker-Main-8/INFO]: Preparing spawn area: 90%
[17:22:41] [Worker-Main-14/INFO]: Preparing spawn area: 95%
[17:22:42] [Server thread/INFO]: Time elapsed: 8459 ms
[17:22:42] [Server thread/INFO]: Preparing start region for dimension minecraft:the_end
[17:22:42] [Worker-Main-9/INFO]: Preparing spawn area: 0%
[17:22:42] [Worker-Main-9/INFO]: Preparing spawn area: 0%
[17:22:43] [Worker-Main-10/INFO]: Preparing spawn area: 0%
[17:22:43] [Worker-Main-12/INFO]: Preparing spawn area: 29%
[17:22:44] [Worker-Main-14/INFO]: Preparing spawn area: 74%
[17:22:44] [Server thread/INFO]: Time elapsed: 2435 ms
[17:22:44] [Server thread/INFO]: [Multiverse-Core] Enabling Multiverse-Core v4.3.0-b846
[17:22:44] [Server thread/WARN]: [Multiverse-Core] "Multiverse-Core v4.3.0-b846" has registered a listener for org.bukkit.event.entity.EntityCreatePortalEvent on method "public void com.onarandombox.MultiverseCore.listeners.MVPortalListener.entityPortalCreate(org.bukkit.event.entity.EntityCreatePortalEvent)", but the event is Deprecated. "Server performance will be affected"; please notify the authors [dumptruckman, Rigby, fernferret, lithium3141, main--].
[17:22:44] [Server thread/INFO]: [Multiverse-Core] §aWe are aware of the warning about the deprecated event. There is no alternative that allows us to do what we need to do and performance impact is negligible. It is safe to ignore.
[17:22:45] [Server thread/INFO]: Preparing start region for dimension minecraft:world
[17:22:45] [Worker-Main-11/INFO]: Preparing spawn area: 0%
[17:22:49] [Worker-Main-12/INFO]: Preparing spawn area: 0%
[17:22:49] [Worker-Main-14/INFO]: Preparing spawn area: 0%
[17:22:49] [Worker-Main-10/INFO]: Preparing spawn area: 0%
[17:22:49] [Worker-Main-12/INFO]: Preparing spawn area: 0%
[17:22:49] [Worker-Main-14/INFO]: Preparing spawn area: 0%
[17:22:49] [Worker-Main-10/INFO]: Preparing spawn area: 0%
[17:22:49] [Worker-Main-12/INFO]: Preparing spawn area: 0%
[17:22:49] [Worker-Main-14/INFO]: Preparing spawn area: 0%
[17:22:49] [Worker-Main-10/INFO]: Preparing spawn area: 0%
[17:22:50] [Worker-Main-10/INFO]: Preparing spawn area: 36%
[17:22:50] [Worker-Main-13/INFO]: Preparing spawn area: 83%
[17:22:51] [Server thread/INFO]: Time elapsed: 5944 ms
[17:22:51] [Server thread/INFO]: Preparing start region for dimension minecraft:world_the_end
[17:22:51] [Worker-Main-12/INFO]: Preparing spawn area: 0%
[17:22:51] [Worker-Main-9/INFO]: Preparing spawn area: 3%
[17:22:52] [Worker-Main-12/INFO]: Preparing spawn area: 47%
[17:22:52] [Worker-Main-11/INFO]: Preparing spawn area: 99%
[17:22:52] [Server thread/INFO]: Time elapsed: 1503 ms
[17:22:52] [Server thread/INFO]: Preparing start region for dimension minecraft:world_nether
[17:22:52] [Worker-Main-12/INFO]: Preparing spawn area: 0%
[17:22:53] [Worker-Main-14/INFO]: Preparing spawn area: 4%
[17:22:53] [Worker-Main-9/INFO]: Preparing spawn area: 25%
[17:22:54] [Worker-Main-12/INFO]: Preparing spawn area: 70%
[17:22:54] [Worker-Main-13/INFO]: Preparing spawn area: 83%
[17:22:55] [Worker-Main-11/INFO]: Preparing spawn area: 93%
[17:22:55] [Server thread/INFO]: Time elapsed: 2984 ms
[17:22:55] [Server thread/INFO]: Preparing start region for dimension minecraft:surv_1
[17:22:55] [Worker-Main-10/INFO]: Preparing spawn area: 0%
[17:22:57] [Worker-Main-9/INFO]: Preparing spawn area: 0%
[17:22:57] [Worker-Main-10/INFO]: Preparing spawn area: 0%
[17:22:57] [Worker-Main-10/INFO]: Preparing spawn area: 0%
[17:22:57] [Worker-Main-10/INFO]: Preparing spawn area: 0%
[17:22:58] [Worker-Main-13/INFO]: Preparing spawn area: 9%
[17:22:58] [Worker-Main-8/INFO]: Preparing spawn area: 68%
[17:22:59] [Worker-Main-9/INFO]: Preparing spawn area: 88%
[17:22:59] [Worker-Main-10/INFO]: Preparing spawn area: 94%
[17:22:59] [Server thread/INFO]: Time elapsed: 4243 ms
[17:22:59] [Server thread/INFO]: [Multiverse-Core] 7 - World(s) loaded.
[17:22:59] [Server thread/WARN]: [Multiverse-Core] Buscript failed to load! The script command will be disabled! If you would like not to see this message, use `/mv conf enablebuscript false` to disable Buscript from loading.
[17:22:59] [Server thread/INFO]: [Multiverse-Core] Version 4.3.0-b846 (API v24) Enabled - By dumptruckman, Rigby, fernferret, lithium3141 and main--
[17:22:59] [Server thread/INFO]: [HomeSpawnPlus] Enabling HomeSpawnPlus v2.0-b610
[17:22:59] [Server thread/ERROR]: Error occurred while enabling HomeSpawnPlus v2.0-b610 (Is it up to date?)
java.lang.NoSuchMethodError: 'void org.bukkit.configuration.file.YamlConfiguration.load(java.io.InputStream)'
	at com.andune.minecraft.hsp.HomeSpawnPlusBukkit.getBootstrapConfig(HomeSpawnPlusBukkit.java:107) ~[?:?]
	at com.andune.minecraft.hsp.HomeSpawnPlusBukkit.onEnable(HomeSpawnPlusBukkit.java:70) ~[?:?]
	at org.bukkit.plugin.java.JavaPlugin.setEnabled(JavaPlugin.java:263) ~[craftbukkit.jar:3172-Bukkit-99561c2]
	at org.bukkit.plugin.java.JavaPluginLoader.enablePlugin(JavaPluginLoader.java:334) ~[craftbukkit.jar:3172-Bukkit-99561c2]
	at org.bukkit.plugin.SimplePluginManager.enablePlugin(SimplePluginManager.java:479) ~[craftbukkit.jar:3172-Bukkit-99561c2]
	at org.bukkit.craftbukkit.v1_17_R1.CraftServer.enablePlugin(CraftServer.java:481) ~[craftbukkit.jar:3172-Bukkit-99561c2]
	at org.bukkit.craftbukkit.v1_17_R1.CraftServer.enablePlugins(CraftServer.java:407) ~[craftbukkit.jar:3172-Bukkit-99561c2]
	at net.minecraft.server.MinecraftServer.loadWorld(MinecraftServer.java:594) ~[craftbukkit.jar:3172-Bukkit-99561c2]
	at net.minecraft.server.dedicated.DedicatedServer.init(DedicatedServer.java:253) ~[craftbukkit.jar:3172-Bukkit-99561c2]
	at net.minecraft.server.MinecraftServer.x(MinecraftServer.java:972) ~[craftbukkit.jar:3172-Bukkit-99561c2]
	at net.minecraft.server.MinecraftServer.lambda$0(MinecraftServer.java:293) ~[craftbukkit.jar:3172-Bukkit-99561c2]
	at java.lang.Thread.run(Thread.java:831) [?:?]
[17:22:59] [Server thread/INFO]: Server permissions file permissions.yml is empty, ignoring it
[17:23:00] [Server thread/INFO]: Done (32.474s)! For help, type "help"
[17:23:07] [Server thread/INFO]: PrestoDude[/172.19.160.1:62518] logged in with entity id 679 at ([spawn]-56.5, 77.0, -90.5)
[17:23:20] [Server thread/INFO]: Made PrestoDude a server operator
[17:23:25] [Server thread/INFO]: PrestoDude issued server command: /gamemode creative
[17:23:25] [Server thread/INFO]: [PrestoDude: Set own game mode to Creative Mode]
[17:23:41] [Server thread/INFO]: PrestoDude lost connection: Disconnected
[17:23:41] [Server thread/INFO]: PrestoDude left the game
[17:25:30] [Craft Scheduler Thread - 0/INFO]: [VoidGenerator] VoidGenerator v.2.0 is available here: https://www.spigotmc.org/resources/25391/
[17:28:36] [Server thread/INFO]: Stopping the server
[17:28:36] [Server thread/INFO]: Stopping server
[17:28:36] [Server thread/INFO]: [HomeSpawnPlus] Disabling HomeSpawnPlus v2.0-b610
[17:28:36] [Server thread/INFO]: [Multiverse-Core] Disabling Multiverse-Core v4.3.0-b846
[17:28:36] [Server thread/INFO]: [VoidGenerator] Disabling VoidGenerator v1.7.0
[17:28:36] [Server thread/INFO]: [WorldEdit] Disabling WorldEdit v7.2.5+57d5ac9
[17:28:36] [Server thread/INFO]: Unregistering com.sk89q.worldedit.bukkit.BukkitServerInterface from WorldEdit
[17:28:36] [Server thread/INFO]: Saving players
[17:28:36] [Server thread/INFO]: Saving worlds
[17:28:36] [Server thread/INFO]: Saving chunks for level 'ServerLevel[spawn]'/minecraft:overworld
[17:28:36] [Server thread/INFO]: Saving chunks for level 'ServerLevel[spawn_nether]'/minecraft:the_nether
[17:28:36] [Server thread/INFO]: Saving chunks for level 'ServerLevel[spawn_the_end]'/minecraft:the_end
[17:28:36] [Server thread/INFO]: Saving chunks for level 'ServerLevel[world]'/minecraft:world
[17:28:36] [Server thread/INFO]: Saving chunks for level 'ServerLevel[world_the_end]'/minecraft:world_the_end
[17:28:36] [Server thread/INFO]: Saving chunks for level 'ServerLevel[world_nether]'/minecraft:world_nether
[17:28:36] [Server thread/INFO]: Saving chunks for level 'ServerLevel[surv_1]'/minecraft:surv_1
[17:28:37] [Server thread/INFO]: ThreadedAnvilChunkStorage (spawn): All chunks are saved
[17:28:37] [Server thread/INFO]: ThreadedAnvilChunkStorage (DIM-1): All chunks are saved
[17:28:37] [Server thread/INFO]: ThreadedAnvilChunkStorage (DIM1): All chunks are saved
[17:28:37] [Server thread/INFO]: ThreadedAnvilChunkStorage (world): All chunks are saved
[17:28:37] [Server thread/INFO]: ThreadedAnvilChunkStorage (DIM1): All chunks are saved
[17:28:37] [Server thread/INFO]: ThreadedAnvilChunkStorage (DIM-1): All chunks are saved
[17:28:37] [Server thread/INFO]: ThreadedAnvilChunkStorage (surv_1): All chunks are saved
[17:28:37] [Server thread/INFO]: ThreadedAnvilChunkStorage: All dimensions are saved
